<?xml version="1.0" encoding="UTF-8"?>
<!-- Generated by org.testng.reporters.JUnitReportReporter -->
<testsuite skipped="0" hostname="DESKTOP-44FFRGA" name="org.selenium.pom.testcases.logintest" tests="2" failures="0" timestamp="25 Feb 2020 14:38:01 GMT" time="47.135" errors="0">
  <testcase name="validateLogin" time="29.428" classname="org.selenium.pom.testcases.logintest"/>
  <testcase name="validateLogin" time="17.707" classname="org.selenium.pom.testcases.logintest"/>
</testsuite> <!-- org.selenium.pom.testcases.logintest -->
