<?xml version="1.0" encoding="UTF-8"?>
<!-- Generated by org.testng.reporters.JUnitReportReporter -->
<testsuite skipped="1" hostname="DESKTOP-44FFRGA" name="org.selenium.pom.testcases.landingTest" tests="2" failures="0" timestamp="23 Feb 2020 16:01:57 GMT" time="10.931" errors="0">
  <testcase name="Validateloginbtn" time="10.760" classname="org.selenium.pom.testcases.landingTest"/>
  <testcase name="chkEmailid" time="0.171" classname="org.selenium.pom.testcases.landingTest">
    <skipped/>
  </testcase> <!-- chkEmailid -->
</testsuite> <!-- org.selenium.pom.testcases.landingTest -->
