<?xml version="1.0" encoding="UTF-8"?>
<!-- Generated by org.testng.reporters.JUnitReportReporter -->
<testsuite skipped="9" hostname="DESKTOP-44FFRGA" name="org.selenium.pom.testcases.roughTest" tests="10" failures="0" timestamp="23 Feb 2020 08:46:57 GMT" time="67.140" errors="0">
  <testcase name="node" time="67.140" classname="org.selenium.pom.testcases.roughTest"/>
  <testcase name="multipleWindows" classname="org.selenium.pom.testcases.roughTest">
    <skipped/>
  </testcase> <!-- multipleWindows -->
  <testcase name="order" classname="org.selenium.pom.testcases.roughTest">
    <skipped/>
  </testcase> <!-- order -->
  <testcase name="actionMethod" classname="org.selenium.pom.testcases.roughTest">
    <skipped/>
  </testcase> <!-- actionMethod -->
  <testcase name="autoSugg" classname="org.selenium.pom.testcases.roughTest">
    <skipped/>
  </testcase> <!-- autoSugg -->
  <testcase name="tables" classname="org.selenium.pom.testcases.roughTest">
    <skipped/>
  </testcase> <!-- tables -->
  <testcase name="lmWebDrivers" classname="org.selenium.pom.testcases.roughTest">
    <skipped/>
  </testcase> <!-- lmWebDrivers -->
  <testcase name="makemyTrip" classname="org.selenium.pom.testcases.roughTest">
    <skipped/>
  </testcase> <!-- makemyTrip -->
  <testcase name="frames" classname="org.selenium.pom.testcases.roughTest">
    <skipped/>
  </testcase> <!-- frames -->
  <testcase name="dynamictn" classname="org.selenium.pom.testcases.roughTest">
    <skipped/>
  </testcase> <!-- dynamictn -->
</testsuite> <!-- org.selenium.pom.testcases.roughTest -->
