<?xml version="1.0" encoding="UTF-8"?>
<!-- Generated by org.testng.reporters.JUnitReportReporter -->
<testsuite skipped="0" hostname="DESKTOP-44FFRGA" name="org.selenium.pom.logintest" tests="1" failures="0" timestamp="12 Feb 2020 16:32:49 GMT" time="45.347" errors="0">
  <testcase name="validateLogin" time="45.347" classname="org.selenium.pom.logintest"/>
</testsuite> <!-- org.selenium.pom.logintest -->
